<?xml version="1.0" encoding="UTF-8" ?>
<testsuite tests="1" failures="0" name="edu.upc.etsetb.arqsoft.spreadsheet.entities.impl.SpreadsheetTest" time="0.074" errors="1" skipped="0">
  <properties>
    <property name="java.runtime.name" value="Java(TM) SE Runtime Environment"/>
    <property name="java.vm.version" value="15.0.1+9-18"/>
    <property name="sun.boot.library.path" value="/usr/lib/jvm/java-15-oracle/lib"/>
    <property name="maven.multiModuleProjectDirectory" value="/home/reir/git/ARQSOFT_Spreadsheet_PFG/ARQSOFT_Spreadsheet_Riera_Wasmer"/>
    <property name="java.vm.vendor" value="Oracle Corporation"/>
    <property name="java.vendor.url" value="https://java.oracle.com/"/>
    <property name="guice.disable.misplaced.annotation.check" value="true"/>
    <property name="path.separator" value=":"/>
    <property name="java.vm.name" value="Java HotSpot(TM) 64-Bit Server VM"/>
    <property name="user.country" value="US"/>
    <property name="sun.java.launcher" value="SUN_STANDARD"/>
    <property name="test" value="edu.upc.etsetb.arqsoft.spreadsheet.entities.impl.SpreadsheetTest"/>
    <property name="java.vm.specification.name" value="Java Virtual Machine Specification"/>
    <property name="user.dir" value="/home/reir/git/ARQSOFT_Spreadsheet_PFG/ARQSOFT_Spreadsheet_Riera_Wasmer"/>
    <property name="java.vm.compressedOopsMode" value="32-bit"/>
    <property name="java.runtime.version" value="15.0.1+9-18"/>
    <property name="os.arch" value="amd64"/>
    <property name="java.io.tmpdir" value="/tmp"/>
    <property name="line.separator" value="
"/>
    <property name="java.vm.specification.vendor" value="Oracle Corporation"/>
    <property name="os.name" value="Linux"/>
    <property name="maven.ext.class.path" value="/home/reir/netbeans-12.0/netbeans/java/maven-nblib/netbeans-eventspy.jar"/>
    <property name="classworlds.conf" value="/home/reir/netbeans-12.0/netbeans/java/maven/bin/m2.conf"/>
    <property name="sun.jnu.encoding" value="UTF-8"/>
    <property name="java.library.path" value="/usr/java/packages/lib:/usr/lib64:/lib64:/lib:/usr/lib"/>
    <property name="maven.conf" value="/home/reir/netbeans-12.0/netbeans/java/maven/conf"/>
    <property name="jdk.debug" value="release"/>
    <property name="java.class.version" value="59.0"/>
    <property name="java.specification.name" value="Java Platform API Specification"/>
    <property name="sun.management.compiler" value="HotSpot 64-Bit Tiered Compilers"/>
    <property name="os.version" value="5.8.0-38-generic"/>
    <property name="library.jansi.path" value="/home/reir/netbeans-12.0/netbeans/java/maven/lib/jansi-native"/>
    <property name="user.home" value="/home/reir"/>
    <property name="user.timezone" value="Europe/Madrid"/>
    <property name="file.encoding" value="UTF-8"/>
    <property name="java.specification.version" value="15"/>
    <property name="user.name" value="reir"/>
    <property name="java.class.path" value="/home/reir/netbeans-12.0/netbeans/java/maven/boot/plexus-classworlds-2.6.0.jar"/>
    <property name="java.vm.specification.version" value="15"/>
    <property name="sun.arch.data.model" value="64"/>
    <property name="sun.java.command" value="org.codehaus.plexus.classworlds.launcher.Launcher -Dtest=edu.upc.etsetb.arqsoft.spreadsheet.entities.impl.SpreadsheetTest -Dmaven.ext.class.path=/home/reir/netbeans-12.0/netbeans/java/maven-nblib/netbeans-eventspy.jar test-compile surefire:test"/>
    <property name="java.home" value="/usr/lib/jvm/java-15-oracle"/>
    <property name="user.language" value="en"/>
    <property name="java.specification.vendor" value="Oracle Corporation"/>
    <property name="java.vm.info" value="mixed mode, sharing"/>
    <property name="java.version" value="15.0.1"/>
    <property name="securerandom.source" value="file:/dev/./urandom"/>
    <property name="java.vendor" value="Oracle Corporation"/>
    <property name="maven.home" value="/home/reir/netbeans-12.0/netbeans/java/maven"/>
    <property name="file.separator" value="/"/>
    <property name="java.version.date" value="2020-10-20"/>
    <property name="java.vendor.url.bug" value="https://bugreport.java.com/bugreport/"/>
    <property name="sun.io.unicode.encoding" value="UnicodeLittle"/>
    <property name="sun.cpu.endian" value="little"/>
  </properties>
  <testcase classname="edu.upc.etsetb.arqsoft.spreadsheet.entities.impl.SpreadsheetTest" name="testSetCellContent_Formula_Numbers_CellRefs_Func_NumCellRefsArgs" time="0.074">
    <error message="Cannot invoke &quot;edu.upc.etsetb.arqsoft.spreadsheet.entities.SpreadsheetHashMapImpl.getCell(edu.upc.etsetb.arqsoft.spreadsheet.entities.CellCoordinate)&quot; because &quot;this.spreadsheet&quot; is null" type="java.lang.NullPointerException">java.lang.NullPointerException: Cannot invoke &quot;edu.upc.etsetb.arqsoft.spreadsheet.entities.SpreadsheetHashMapImpl.getCell(edu.upc.etsetb.arqsoft.spreadsheet.entities.CellCoordinate)&quot; because &quot;this.spreadsheet&quot; is null
	at edu.upc.etsetb.arqsoft.spreadsheet.entities.functions.impl.FunctionImpl.replaceCoordinatesByCells(FunctionImpl.java:46)
	at edu.upc.etsetb.arqsoft.spreadsheet.entities.functions.impl.SumFunction.calculateFunction(SumFunction.java:23)
	at edu.upc.etsetb.arqsoft.spreadsheet.entities.functions.impl.SumFunction.getFormulaComponentValue(SumFunction.java:37)
	at edu.upc.etsetb.arqsoft.spreadsheet.entities.formulas.OperatorImpl.operate(OperatorImpl.java:54)
	at edu.upc.etsetb.arqsoft.spreadsheet.entities.formulas.VisitorFormulaComponents.visitOperator(VisitorFormulaComponents.java:38)
	at edu.upc.etsetb.arqsoft.spreadsheet.entities.formulas.OperatorImpl.acceptVisitor(OperatorImpl.java:43)
	at edu.upc.etsetb.arqsoft.spreadsheet.entities.formulas.EvaluatorPostFix.evaluatePostFix(EvaluatorPostFix.java:30)
	at edu.upc.etsetb.arqsoft.spreadsheet.entities.formulas.FormulaEvaluator.evaluateFormula(FormulaEvaluator.java:31)
	at edu.upc.etsetb.arqsoft.spreadsheet.entities.SpreadsheetHashMapImpl.getCellContentAsDouble(SpreadsheetHashMapImpl.java:168)
	at edu.upc.etsetb.arqsoft.spreadsheet.entities.impl.SpreadsheetTest.testSetCellContent_Formula_Numbers_CellRefs_Func_NumCellRefsArgs(SpreadsheetTest.java:180)
	at java.base/jdk.internal.reflect.NativeMethodAccessorImpl.invoke0(Native Method)
	at java.base/jdk.internal.reflect.NativeMethodAccessorImpl.invoke(NativeMethodAccessorImpl.java:64)
	at java.base/jdk.internal.reflect.DelegatingMethodAccessorImpl.invoke(DelegatingMethodAccessorImpl.java:43)
	at java.base/java.lang.reflect.Method.invoke(Method.java:564)
	at org.junit.runners.model.FrameworkMethod$1.runReflectiveCall(FrameworkMethod.java:50)
	at org.junit.internal.runners.model.ReflectiveCallable.run(ReflectiveCallable.java:12)
	at org.junit.runners.model.FrameworkMethod.invokeExplosively(FrameworkMethod.java:47)
	at org.junit.internal.runners.statements.InvokeMethod.evaluate(InvokeMethod.java:17)
	at org.junit.internal.runners.statements.RunBefores.evaluate(RunBefores.java:26)
	at org.junit.internal.runners.statements.RunAfters.evaluate(RunAfters.java:27)
	at org.junit.runners.ParentRunner.runLeaf(ParentRunner.java:325)
	at org.junit.runners.BlockJUnit4ClassRunner.runChild(BlockJUnit4ClassRunner.java:78)
	at org.junit.runners.BlockJUnit4ClassRunner.runChild(BlockJUnit4ClassRunner.java:57)
	at org.junit.runners.ParentRunner$3.run(ParentRunner.java:290)
	at org.junit.runners.ParentRunner$1.schedule(ParentRunner.java:71)
	at org.junit.runners.ParentRunner.runChildren(ParentRunner.java:288)
	at org.junit.runners.ParentRunner.access$000(ParentRunner.java:58)
	at org.junit.runners.ParentRunner$2.evaluate(ParentRunner.java:268)
	at org.junit.internal.runners.statements.RunBefores.evaluate(RunBefores.java:26)
	at org.junit.internal.runners.statements.RunAfters.evaluate(RunAfters.java:27)
	at org.junit.runners.ParentRunner.run(ParentRunner.java:363)
	at org.apache.maven.surefire.junit4.JUnit4Provider.execute(JUnit4Provider.java:252)
	at org.apache.maven.surefire.junit4.JUnit4Provider.executeTestSet(JUnit4Provider.java:141)
	at org.apache.maven.surefire.junit4.JUnit4Provider.invoke(JUnit4Provider.java:112)
	at java.base/jdk.internal.reflect.NativeMethodAccessorImpl.invoke0(Native Method)
	at java.base/jdk.internal.reflect.NativeMethodAccessorImpl.invoke(NativeMethodAccessorImpl.java:64)
	at java.base/jdk.internal.reflect.DelegatingMethodAccessorImpl.invoke(DelegatingMethodAccessorImpl.java:43)
	at java.base/java.lang.reflect.Method.invoke(Method.java:564)
	at org.apache.maven.surefire.util.ReflectionUtils.invokeMethodWithArray(ReflectionUtils.java:189)
	at org.apache.maven.surefire.booter.ProviderFactory$ProviderProxy.invoke(ProviderFactory.java:165)
	at org.apache.maven.surefire.booter.ProviderFactory.invokeProvider(ProviderFactory.java:85)
	at org.apache.maven.surefire.booter.ForkedBooter.runSuitesInProcess(ForkedBooter.java:115)
	at org.apache.maven.surefire.booter.ForkedBooter.main(ForkedBooter.java:75)
</error>
    <system-out>setting cell content to a formula with: numbers, cell references, function (arguments: numbers, cell references)
edu.upc.etsetb.arqsoft.spreadsheet.entities.CellCoordinateImpl@803
edu.upc.etsetb.arqsoft.spreadsheet.entities.ANumberImpl@19dfb72a
edu.upc.etsetb.arqsoft.spreadsheet.entities.formulas.OperatorImpl@17c68925
edu.upc.etsetb.arqsoft.spreadsheet.entities.CellCoordinateImpl@800
edu.upc.etsetb.arqsoft.spreadsheet.entities.CellCoordinateImpl@800
edu.upc.etsetb.arqsoft.spreadsheet.entities.formulas.OperatorImpl@7e0ea639
edu.upc.etsetb.arqsoft.spreadsheet.entities.formulas.OperatorImpl@3d24753a
edu.upc.etsetb.arqsoft.spreadsheet.entities.functions.impl.SumFunction@59a6e353
edu.upc.etsetb.arqsoft.spreadsheet.entities.formulas.OperatorImpl@7a0ac6e3
</system-out>
  </testcase>
</testsuite>